c:\users\siddharth.gupta\desktop\animation\animation\animationframework\animationframework\debug\vc140.pdb
c:\users\siddharth.gupta\desktop\animation\animation\animationframework\animationframework\debug\vc140.idb
c:\users\siddharth.gupta\desktop\animation\animation\animationframework\animationframework\debug\imgui.obj
c:\users\siddharth.gupta\desktop\animation\animation\animationframework\animationframework\debug\imguizmo.obj
c:\users\siddharth.gupta\desktop\animation\animation\animationframework\animationframework\debug\imgui_demo.obj
c:\users\siddharth.gupta\desktop\animation\animation\animationframework\animationframework\debug\imgui_draw.obj
c:\users\siddharth.gupta\desktop\animation\animation\animationframework\animationframework\debug\imgui_impl_glfw_gl3.obj
c:\users\siddharth.gupta\desktop\animation\animation\animationframework\animationframework\debug\catmullromspline.obj
c:\users\siddharth.gupta\desktop\animation\animation\animationframework\animationframework\debug\skeleton.obj
c:\users\siddharth.gupta\desktop\animation\animation\animationframework\animationframework\debug\callbacks.obj
c:\users\siddharth.gupta\desktop\animation\animation\animationframework\animationframework\debug\globals.obj
c:\users\siddharth.gupta\desktop\animation\animation\animationframework\animationframework\debug\main.obj
c:\users\siddharth.gupta\desktop\animation\animation\animationframework\animationframework\debug\math_3d.obj
c:\users\siddharth.gupta\desktop\animation\animation\animationframework\animationframework\debug\skinnedmesh.obj
c:\users\siddharth.gupta\desktop\animation\animation\animationframework\animationframework\debug\stb_image.obj
c:\users\siddharth.gupta\desktop\animation\animation\animationframework\animationframework\debug\textures.obj
c:\users\siddharth.gupta\desktop\animation\animation\animationframework\animationframework\debug\transformeditor.obj
c:\users\siddharth.gupta\desktop\animation\animation\animationframework\animationframework\x64\debug\animationframework.ilk
c:\users\siddharth.gupta\desktop\animation\animation\animationframework\animationframework\debug\animatio.d5efc845.tlog\cl.command.1.tlog
c:\users\siddharth.gupta\desktop\animation\animation\animationframework\animationframework\debug\animatio.d5efc845.tlog\cl.read.1.tlog
c:\users\siddharth.gupta\desktop\animation\animation\animationframework\animationframework\debug\animatio.d5efc845.tlog\cl.write.1.tlog
