  Textures.cpp
  stb_image.cpp
  SkinnedMesh.cpp
c:\users\siddharth.gupta\desktop\animation\animation\animationframework\animationframework\source\shader.h(70): warning C4101: 'infoLog': unreferenced local variable
c:\users\siddharth.gupta\desktop\animation\animation\animationframework\animationframework\source\shader.h(69): warning C4101: 'success': unreferenced local variable
c:\users\siddharth.gupta\desktop\animation\animation\animationframework\animationframework\source\skinnedmesh.cpp(165): warning C4018: '<': signed/unsigned mismatch
c:\users\siddharth.gupta\desktop\animation\animation\animationframework\animationframework\source\skinnedmesh.cpp(442): warning C4244: 'initializing': conversion from 'double' to 'float', possible loss of data
c:\users\siddharth.gupta\desktop\animation\animation\animationframework\animationframework\source\skinnedmesh.cpp(445): warning C4244: '=': conversion from 'double' to 'float', possible loss of data
  math_3d.cpp
c:\users\siddharth.gupta\desktop\animation\animation\animationframework\animationframework\source\math_3d.cpp(284): warning C4005: 'RANDOM': macro redefinition
  c:\users\siddharth.gupta\desktop\animation\animation\animationframework\animationframework\source\util.h(63): note: see previous definition of 'RANDOM'
  main.cpp
c:\program files (x86)\windows kits\8.1\include\shared\minwindef.h(130): warning C4005: 'APIENTRY': macro redefinition
  c:\users\siddharth.gupta\desktop\animation\animation\animationframework\animationframework\include\glfw3.h(98): note: see previous definition of 'APIENTRY'
c:\users\siddharth.gupta\desktop\animation\animation\animationframework\animationframework\source\shader.h(70): warning C4101: 'infoLog': unreferenced local variable
c:\users\siddharth.gupta\desktop\animation\animation\animationframework\animationframework\source\shader.h(69): warning C4101: 'success': unreferenced local variable
c:\users\siddharth.gupta\desktop\animation\animation\animationframework\animationframework\source\main.cpp(73): warning C4244: 'initializing': conversion from 'DWORD' to 'float', possible loss of data
c:\users\siddharth.gupta\desktop\animation\animation\animationframework\animationframework\source\main.cpp(78): warning C4244: 'initializing': conversion from 'double' to 'float', possible loss of data
c:\users\siddharth.gupta\desktop\animation\animation\animationframework\animationframework\source\main.cpp(155): warning C4244: '=': conversion from 'double' to 'float', possible loss of data
c:\users\siddharth.gupta\desktop\animation\animation\animationframework\animationframework\source\main.cpp(156): warning C4244: '=': conversion from 'double' to 'float', possible loss of data
c:\users\siddharth.gupta\desktop\animation\animation\animationframework\animationframework\source\main.cpp(160): warning C4244: 'initializing': conversion from 'double' to 'float', possible loss of data
c:\users\siddharth.gupta\desktop\animation\animation\animationframework\animationframework\source\main.cpp(161): warning C4244: 'initializing': conversion from 'double' to 'float', possible loss of data
c:\users\siddharth.gupta\desktop\animation\animation\animationframework\animationframework\source\main.cpp(163): warning C4244: '=': conversion from 'double' to 'float', possible loss of data
c:\users\siddharth.gupta\desktop\animation\animation\animationframework\animationframework\source\main.cpp(164): warning C4244: '=': conversion from 'double' to 'float', possible loss of data
c:\users\siddharth.gupta\desktop\animation\animation\animationframework\animationframework\source\main.cpp(171): warning C4018: '<': signed/unsigned mismatch
  Globals.cpp
  Callbacks.cpp
c:\users\siddharth.gupta\desktop\animation\animation\animationframework\animationframework\source\callbacks.cpp(19): warning C4244: '=': conversion from 'double' to 'float', possible loss of data
c:\users\siddharth.gupta\desktop\animation\animation\animationframework\animationframework\source\callbacks.cpp(20): warning C4244: '=': conversion from 'double' to 'float', possible loss of data
c:\users\siddharth.gupta\desktop\animation\animation\animationframework\animationframework\source\callbacks.cpp(24): warning C4244: 'initializing': conversion from 'double' to 'float', possible loss of data
c:\users\siddharth.gupta\desktop\animation\animation\animationframework\animationframework\source\callbacks.cpp(25): warning C4244: 'initializing': conversion from 'double' to 'float', possible loss of data
c:\users\siddharth.gupta\desktop\animation\animation\animationframework\animationframework\source\callbacks.cpp(27): warning C4244: '=': conversion from 'double' to 'float', possible loss of data
c:\users\siddharth.gupta\desktop\animation\animation\animationframework\animationframework\source\callbacks.cpp(28): warning C4244: '=': conversion from 'double' to 'float', possible loss of data
c:\users\siddharth.gupta\desktop\animation\animation\animationframework\animationframework\source\callbacks.cpp(35): warning C4244: 'argument': conversion from 'double' to 'float', possible loss of data
  Skeleton.cpp
c:\users\siddharth.gupta\desktop\animation\animation\animationframework\animationframework\source\shader.h(70): warning C4101: 'infoLog': unreferenced local variable
c:\users\siddharth.gupta\desktop\animation\animation\animationframework\animationframework\source\shader.h(69): warning C4101: 'success': unreferenced local variable
  CatmullRomSpline.cpp
c:\users\siddharth.gupta\desktop\animation\animation\animationframework\animationframework\source\shader.h(70): warning C4101: 'infoLog': unreferenced local variable
c:\users\siddharth.gupta\desktop\animation\animation\animationframework\animationframework\source\shader.h(69): warning C4101: 'success': unreferenced local variable
c:\users\siddharth.gupta\desktop\animation\animation\animationframework\animationframework\source\catmullromspline.cpp(53): warning C4018: '<': signed/unsigned mismatch
c:\users\siddharth.gupta\desktop\animation\animation\animationframework\animationframework\source\catmullromspline.cpp(115): warning C4018: '<': signed/unsigned mismatch
c:\users\siddharth.gupta\desktop\animation\animation\animationframework\animationframework\source\catmullromspline.cpp(173): warning C4018: '<': signed/unsigned mismatch
c:\users\siddharth.gupta\desktop\animation\animation\animationframework\animationframework\source\catmullromspline.cpp(203): warning C4018: '<': signed/unsigned mismatch
c:\users\siddharth.gupta\desktop\animation\animation\animationframework\animationframework\source\catmullromspline.cpp(225): warning C4244: 'return': conversion from 'int' to 'float', possible loss of data
c:\users\siddharth.gupta\desktop\animation\animation\animationframework\animationframework\source\catmullromspline.cpp(230): warning C4244: 'return': conversion from 'int' to 'float', possible loss of data
c:\users\siddharth.gupta\desktop\animation\animation\animationframework\animationframework\source\catmullromspline.cpp(245): warning C4018: '<': signed/unsigned mismatch
  imgui_impl_glfw_gl3.cpp
  imgui_draw.cpp
  imgui_demo.cpp
  imgui.cpp
  Generating Code...
LINK : warning LNK4098: defaultlib 'LIBCMT' conflicts with use of other libs; use /NODEFAULTLIB:library
imgui_impl_glfw_gl3.obj : warning LNK4049: locally defined symbol ___glewActiveTexture imported
Textures.obj : warning LNK4049: locally defined symbol ___glewActiveTexture imported
imgui_impl_glfw_gl3.obj : warning LNK4049: locally defined symbol ___glewBlendEquation imported
imgui_impl_glfw_gl3.obj : warning LNK4049: locally defined symbol ___glewBlendFuncSeparate imported
imgui_impl_glfw_gl3.obj : warning LNK4049: locally defined symbol ___glewBindBuffer imported
CatmullRomSpline.obj : warning LNK4049: locally defined symbol ___glewBindBuffer imported
SkinnedMesh.obj : warning LNK4049: locally defined symbol ___glewBindBuffer imported
imgui_impl_glfw_gl3.obj : warning LNK4049: locally defined symbol ___glewBufferData imported
CatmullRomSpline.obj : warning LNK4049: locally defined symbol ___glewBufferData imported
SkinnedMesh.obj : warning LNK4049: locally defined symbol ___glewBufferData imported
imgui_impl_glfw_gl3.obj : warning LNK4049: locally defined symbol ___glewDeleteBuffers imported
SkinnedMesh.obj : warning LNK4049: locally defined symbol ___glewDeleteBuffers imported
imgui_impl_glfw_gl3.obj : warning LNK4049: locally defined symbol ___glewGenBuffers imported
CatmullRomSpline.obj : warning LNK4049: locally defined symbol ___glewGenBuffers imported
SkinnedMesh.obj : warning LNK4049: locally defined symbol ___glewGenBuffers imported
imgui_impl_glfw_gl3.obj : warning LNK4049: locally defined symbol ___glewAttachShader imported
imgui_impl_glfw_gl3.obj : warning LNK4049: locally defined symbol ___glewBlendEquationSeparate imported
imgui_impl_glfw_gl3.obj : warning LNK4049: locally defined symbol ___glewCompileShader imported
imgui_impl_glfw_gl3.obj : warning LNK4049: locally defined symbol ___glewCreateProgram imported
imgui_impl_glfw_gl3.obj : warning LNK4049: locally defined symbol ___glewCreateShader imported
imgui_impl_glfw_gl3.obj : warning LNK4049: locally defined symbol ___glewDeleteProgram imported
imgui_impl_glfw_gl3.obj : warning LNK4049: locally defined symbol ___glewDeleteShader imported
imgui_impl_glfw_gl3.obj : warning LNK4049: locally defined symbol ___glewDetachShader imported
imgui_impl_glfw_gl3.obj : warning LNK4049: locally defined symbol ___glewEnableVertexAttribArray imported
CatmullRomSpline.obj : warning LNK4049: locally defined symbol ___glewEnableVertexAttribArray imported
SkinnedMesh.obj : warning LNK4049: locally defined symbol ___glewEnableVertexAttribArray imported
imgui_impl_glfw_gl3.obj : warning LNK4049: locally defined symbol ___glewGetAttribLocation imported
imgui_impl_glfw_gl3.obj : warning LNK4049: locally defined symbol ___glewGetUniformLocation imported
CatmullRomSpline.obj : warning LNK4049: locally defined symbol ___glewGetUniformLocation imported
SkinnedMesh.obj : warning LNK4049: locally defined symbol ___glewGetUniformLocation imported
imgui_impl_glfw_gl3.obj : warning LNK4049: locally defined symbol ___glewLinkProgram imported
imgui_impl_glfw_gl3.obj : warning LNK4049: locally defined symbol ___glewShaderSource imported
imgui_impl_glfw_gl3.obj : warning LNK4049: locally defined symbol ___glewUniform1i imported
imgui_impl_glfw_gl3.obj : warning LNK4049: locally defined symbol ___glewUniformMatrix4fv imported
CatmullRomSpline.obj : warning LNK4049: locally defined symbol ___glewUniformMatrix4fv imported
SkinnedMesh.obj : warning LNK4049: locally defined symbol ___glewUniformMatrix4fv imported
imgui_impl_glfw_gl3.obj : warning LNK4049: locally defined symbol ___glewUseProgram imported
CatmullRomSpline.obj : warning LNK4049: locally defined symbol ___glewUseProgram imported
SkinnedMesh.obj : warning LNK4049: locally defined symbol ___glewUseProgram imported
imgui_impl_glfw_gl3.obj : warning LNK4049: locally defined symbol ___glewVertexAttribPointer imported
CatmullRomSpline.obj : warning LNK4049: locally defined symbol ___glewVertexAttribPointer imported
SkinnedMesh.obj : warning LNK4049: locally defined symbol ___glewVertexAttribPointer imported
imgui_impl_glfw_gl3.obj : warning LNK4049: locally defined symbol ___glewBindSampler imported
imgui_impl_glfw_gl3.obj : warning LNK4049: locally defined symbol ___glewBindVertexArray imported
CatmullRomSpline.obj : warning LNK4049: locally defined symbol ___glewBindVertexArray imported
SkinnedMesh.obj : warning LNK4049: locally defined symbol ___glewBindVertexArray imported
imgui_impl_glfw_gl3.obj : warning LNK4049: locally defined symbol ___glewDeleteVertexArrays imported
SkinnedMesh.obj : warning LNK4049: locally defined symbol ___glewDeleteVertexArrays imported
imgui_impl_glfw_gl3.obj : warning LNK4049: locally defined symbol ___glewGenVertexArrays imported
CatmullRomSpline.obj : warning LNK4049: locally defined symbol ___glewGenVertexArrays imported
SkinnedMesh.obj : warning LNK4049: locally defined symbol ___glewGenVertexArrays imported
SkinnedMesh.obj : warning LNK4049: locally defined symbol ___glewVertexAttribIPointer imported
SkinnedMesh.obj : warning LNK4049: locally defined symbol ___glewDrawElementsBaseVertex imported
Textures.obj : warning LNK4049: locally defined symbol ___glewGenerateMipmap imported
glew32s.lib(glew.obj) : warning LNK4099: PDB 'vc120.pdb' was not found with 'glew32s.lib(glew.obj)' or at 'C:\Users\siddharth.gupta\Desktop\Animation\Animation\AnimationFramework\AnimationFramework\x64\Debug\vc120.pdb'; linking object as if no debug info
glfw3.lib(context.obj) : warning LNK4099: PDB 'glfw.pdb' was not found with 'glfw3.lib(context.obj)' or at 'C:\Users\siddharth.gupta\Desktop\Animation\Animation\AnimationFramework\AnimationFramework\x64\Debug\glfw.pdb'; linking object as if no debug info
glfw3.lib(init.obj) : warning LNK4099: PDB 'glfw.pdb' was not found with 'glfw3.lib(init.obj)' or at 'C:\Users\siddharth.gupta\Desktop\Animation\Animation\AnimationFramework\AnimationFramework\x64\Debug\glfw.pdb'; linking object as if no debug info
glfw3.lib(input.obj) : warning LNK4099: PDB 'glfw.pdb' was not found with 'glfw3.lib(input.obj)' or at 'C:\Users\siddharth.gupta\Desktop\Animation\Animation\AnimationFramework\AnimationFramework\x64\Debug\glfw.pdb'; linking object as if no debug info
glfw3.lib(monitor.obj) : warning LNK4099: PDB 'glfw.pdb' was not found with 'glfw3.lib(monitor.obj)' or at 'C:\Users\siddharth.gupta\Desktop\Animation\Animation\AnimationFramework\AnimationFramework\x64\Debug\glfw.pdb'; linking object as if no debug info
glfw3.lib(vulkan.obj) : warning LNK4099: PDB 'glfw.pdb' was not found with 'glfw3.lib(vulkan.obj)' or at 'C:\Users\siddharth.gupta\Desktop\Animation\Animation\AnimationFramework\AnimationFramework\x64\Debug\glfw.pdb'; linking object as if no debug info
glfw3.lib(window.obj) : warning LNK4099: PDB 'glfw.pdb' was not found with 'glfw3.lib(window.obj)' or at 'C:\Users\siddharth.gupta\Desktop\Animation\Animation\AnimationFramework\AnimationFramework\x64\Debug\glfw.pdb'; linking object as if no debug info
glfw3.lib(win32_init.obj) : warning LNK4099: PDB 'glfw.pdb' was not found with 'glfw3.lib(win32_init.obj)' or at 'C:\Users\siddharth.gupta\Desktop\Animation\Animation\AnimationFramework\AnimationFramework\x64\Debug\glfw.pdb'; linking object as if no debug info
glfw3.lib(win32_joystick.obj) : warning LNK4099: PDB 'glfw.pdb' was not found with 'glfw3.lib(win32_joystick.obj)' or at 'C:\Users\siddharth.gupta\Desktop\Animation\Animation\AnimationFramework\AnimationFramework\x64\Debug\glfw.pdb'; linking object as if no debug info
glfw3.lib(win32_monitor.obj) : warning LNK4099: PDB 'glfw.pdb' was not found with 'glfw3.lib(win32_monitor.obj)' or at 'C:\Users\siddharth.gupta\Desktop\Animation\Animation\AnimationFramework\AnimationFramework\x64\Debug\glfw.pdb'; linking object as if no debug info
glfw3.lib(win32_time.obj) : warning LNK4099: PDB 'glfw.pdb' was not found with 'glfw3.lib(win32_time.obj)' or at 'C:\Users\siddharth.gupta\Desktop\Animation\Animation\AnimationFramework\AnimationFramework\x64\Debug\glfw.pdb'; linking object as if no debug info
glfw3.lib(win32_tls.obj) : warning LNK4099: PDB 'glfw.pdb' was not found with 'glfw3.lib(win32_tls.obj)' or at 'C:\Users\siddharth.gupta\Desktop\Animation\Animation\AnimationFramework\AnimationFramework\x64\Debug\glfw.pdb'; linking object as if no debug info
glfw3.lib(win32_window.obj) : warning LNK4099: PDB 'glfw.pdb' was not found with 'glfw3.lib(win32_window.obj)' or at 'C:\Users\siddharth.gupta\Desktop\Animation\Animation\AnimationFramework\AnimationFramework\x64\Debug\glfw.pdb'; linking object as if no debug info
glfw3.lib(wgl_context.obj) : warning LNK4099: PDB 'glfw.pdb' was not found with 'glfw3.lib(wgl_context.obj)' or at 'C:\Users\siddharth.gupta\Desktop\Animation\Animation\AnimationFramework\AnimationFramework\x64\Debug\glfw.pdb'; linking object as if no debug info
glfw3.lib(egl_context.obj) : warning LNK4099: PDB 'glfw.pdb' was not found with 'glfw3.lib(egl_context.obj)' or at 'C:\Users\siddharth.gupta\Desktop\Animation\Animation\AnimationFramework\AnimationFramework\x64\Debug\glfw.pdb'; linking object as if no debug info
  AnimationFramework.vcxproj -> C:\Users\siddharth.gupta\Desktop\Animation\Animation\AnimationFramework\AnimationFramework\x64\Debug\AnimationFramework.exe
  AnimationFramework.vcxproj -> C:\Users\siddharth.gupta\Desktop\Animation\Animation\AnimationFramework\AnimationFramework\x64\Debug\AnimationFramework.pdb (Partial PDB)
