  imgui.cpp
  imgui_demo.cpp
  imgui_draw.cpp
  imgui_impl_glfw_gl3.cpp
Include\Imgui\imgui_impl_glfw_gl3.cpp(9): fatal error C1083: Cannot open include file: 'Imgui/imgui.h': No such file or directory
  CatmullRomSpline.cpp
c:\users\siddharth\documents\visual studio 2015\projects\animationframework\animationframework\source\CatmullRomSpline.h(2): fatal error C1083: Cannot open include file: 'glew.h': No such file or directory
  Skeleton.cpp
c:\users\siddharth\documents\visual studio 2015\projects\animationframework\animationframework\source\Shader.h(5): fatal error C1083: Cannot open include file: 'glew.h': No such file or directory
  Callbacks.cpp
c:\users\siddharth\documents\visual studio 2015\projects\animationframework\animationframework\source\Callbacks.h(2): fatal error C1083: Cannot open include file: 'glfw3.h': No such file or directory
  Globals.cpp
c:\users\siddharth\documents\visual studio 2015\projects\animationframework\animationframework\source\Camera.h(5): fatal error C1083: Cannot open include file: 'glm/glm/glm.hpp': No such file or directory
  main.cpp
Source\main.cpp(3): fatal error C1083: Cannot open include file: 'glew.h': No such file or directory
  math_3d.cpp
c:\users\siddharth\documents\visual studio 2015\projects\animationframework\animationframework\source\math_3d.h(14): fatal error C1083: Cannot open include file: 'assimp/vector3.h': No such file or directory
  SkinnedMesh.cpp
c:\users\siddharth\documents\visual studio 2015\projects\animationframework\animationframework\source\SkinnedMesh.h(3): fatal error C1083: Cannot open include file: 'glew.h': No such file or directory
  stb_image.cpp
Source\stb_image.cpp(2): fatal error C1083: Cannot open include file: 'stb_image.h': No such file or directory
  Textures.cpp
c:\users\siddharth\documents\visual studio 2015\projects\animationframework\animationframework\source\Textures.h(3): fatal error C1083: Cannot open include file: 'stb_image.h': No such file or directory
