  Textures.cpp
  stb_image.cpp
  SkinnedMesh.cpp
c:\users\siddharth\desktop\new folder (2)\animationframework\animationframework\source\shader.h(70): warning C4101: 'infoLog': unreferenced local variable
c:\users\siddharth\desktop\new folder (2)\animationframework\animationframework\source\shader.h(69): warning C4101: 'success': unreferenced local variable
c:\users\siddharth\desktop\new folder (2)\animationframework\animationframework\source\skinnedmesh.cpp(444): warning C4244: 'initializing': conversion from 'double' to 'float', possible loss of data
c:\users\siddharth\desktop\new folder (2)\animationframework\animationframework\source\skinnedmesh.cpp(447): warning C4244: '=': conversion from 'double' to 'float', possible loss of data
  math_3d.cpp
c:\users\siddharth\desktop\new folder (2)\animationframework\animationframework\source\math_3d.cpp(284): warning C4005: 'RANDOM': macro redefinition
  c:\users\siddharth\desktop\new folder (2)\animationframework\animationframework\source\util.h(63): note: see previous definition of 'RANDOM'
  main.cpp
c:\program files (x86)\windows kits\8.1\include\shared\minwindef.h(130): warning C4005: 'APIENTRY': macro redefinition
  c:\users\siddharth\desktop\new folder (2)\animationframework\animationframework\include\glfw3.h(98): note: see previous definition of 'APIENTRY'
c:\users\siddharth\desktop\new folder (2)\animationframework\animationframework\source\shader.h(70): warning C4101: 'infoLog': unreferenced local variable
c:\users\siddharth\desktop\new folder (2)\animationframework\animationframework\source\shader.h(69): warning C4101: 'success': unreferenced local variable
c:\users\siddharth\desktop\new folder (2)\animationframework\animationframework\source\mesh.h(90): warning C4267: 'argument': conversion from 'size_t' to 'GLsizei', possible loss of data
c:\users\siddharth\desktop\new folder (2)\animationframework\animationframework\source\main.cpp(69): warning C4244: 'initializing': conversion from 'DWORD' to 'float', possible loss of data
c:\users\siddharth\desktop\new folder (2)\animationframework\animationframework\source\main.cpp(74): warning C4244: 'initializing': conversion from 'double' to 'float', possible loss of data
c:\users\siddharth\desktop\new folder (2)\animationframework\animationframework\source\main.cpp(149): warning C4244: '=': conversion from 'double' to 'float', possible loss of data
c:\users\siddharth\desktop\new folder (2)\animationframework\animationframework\source\main.cpp(150): warning C4244: '=': conversion from 'double' to 'float', possible loss of data
c:\users\siddharth\desktop\new folder (2)\animationframework\animationframework\source\main.cpp(154): warning C4244: 'initializing': conversion from 'double' to 'float', possible loss of data
c:\users\siddharth\desktop\new folder (2)\animationframework\animationframework\source\main.cpp(155): warning C4244: 'initializing': conversion from 'double' to 'float', possible loss of data
c:\users\siddharth\desktop\new folder (2)\animationframework\animationframework\source\main.cpp(157): warning C4244: '=': conversion from 'double' to 'float', possible loss of data
c:\users\siddharth\desktop\new folder (2)\animationframework\animationframework\source\main.cpp(158): warning C4244: '=': conversion from 'double' to 'float', possible loss of data
  Globals.cpp
  Callbacks.cpp
c:\users\siddharth\desktop\new folder (2)\animationframework\animationframework\source\callbacks.cpp(19): warning C4244: '=': conversion from 'double' to 'float', possible loss of data
c:\users\siddharth\desktop\new folder (2)\animationframework\animationframework\source\callbacks.cpp(20): warning C4244: '=': conversion from 'double' to 'float', possible loss of data
c:\users\siddharth\desktop\new folder (2)\animationframework\animationframework\source\callbacks.cpp(24): warning C4244: 'initializing': conversion from 'double' to 'float', possible loss of data
c:\users\siddharth\desktop\new folder (2)\animationframework\animationframework\source\callbacks.cpp(25): warning C4244: 'initializing': conversion from 'double' to 'float', possible loss of data
c:\users\siddharth\desktop\new folder (2)\animationframework\animationframework\source\callbacks.cpp(27): warning C4244: '=': conversion from 'double' to 'float', possible loss of data
c:\users\siddharth\desktop\new folder (2)\animationframework\animationframework\source\callbacks.cpp(28): warning C4244: '=': conversion from 'double' to 'float', possible loss of data
c:\users\siddharth\desktop\new folder (2)\animationframework\animationframework\source\callbacks.cpp(35): warning C4244: 'argument': conversion from 'double' to 'float', possible loss of data
  Skeleton.cpp
c:\users\siddharth\desktop\new folder (2)\animationframework\animationframework\source\shader.h(70): warning C4101: 'infoLog': unreferenced local variable
c:\users\siddharth\desktop\new folder (2)\animationframework\animationframework\source\shader.h(69): warning C4101: 'success': unreferenced local variable
c:\users\siddharth\desktop\new folder (2)\animationframework\animationframework\source\skeleton.cpp(19): warning C4267: 'initializing': conversion from 'size_t' to 'int', possible loss of data
  CatmullRomSpline.cpp
c:\users\siddharth\desktop\new folder (2)\animationframework\animationframework\source\shader.h(70): warning C4101: 'infoLog': unreferenced local variable
c:\users\siddharth\desktop\new folder (2)\animationframework\animationframework\source\shader.h(69): warning C4101: 'success': unreferenced local variable
  imgui_impl_glfw_gl3.cpp
  imgui_draw.cpp
  imgui_demo.cpp
  imgui.cpp
  Generating Code...
imgui_impl_glfw_gl3.obj : error LNK2019: unresolved external symbol glfwGetWindowSize referenced in function "void __cdecl ImGui_ImplGlfwGL3_NewFrame(void)" (?ImGui_ImplGlfwGL3_NewFrame@@YAXXZ)
imgui_impl_glfw_gl3.obj : error LNK2019: unresolved external symbol glfwGetFramebufferSize referenced in function "void __cdecl ImGui_ImplGlfwGL3_NewFrame(void)" (?ImGui_ImplGlfwGL3_NewFrame@@YAXXZ)
imgui_impl_glfw_gl3.obj : error LNK2019: unresolved external symbol glfwGetWindowAttrib referenced in function "void __cdecl ImGui_ImplGlfwGL3_NewFrame(void)" (?ImGui_ImplGlfwGL3_NewFrame@@YAXXZ)
imgui_impl_glfw_gl3.obj : error LNK2019: unresolved external symbol glfwSetInputMode referenced in function "void __cdecl ImGui_ImplGlfwGL3_NewFrame(void)" (?ImGui_ImplGlfwGL3_NewFrame@@YAXXZ)
Callbacks.obj : error LNK2001: unresolved external symbol glfwSetInputMode
imgui_impl_glfw_gl3.obj : error LNK2019: unresolved external symbol glfwGetMouseButton referenced in function "void __cdecl ImGui_ImplGlfwGL3_NewFrame(void)" (?ImGui_ImplGlfwGL3_NewFrame@@YAXXZ)
imgui_impl_glfw_gl3.obj : error LNK2019: unresolved external symbol glfwGetCursorPos referenced in function "void __cdecl ImGui_ImplGlfwGL3_NewFrame(void)" (?ImGui_ImplGlfwGL3_NewFrame@@YAXXZ)
imgui_impl_glfw_gl3.obj : error LNK2019: unresolved external symbol glfwSetCursorPos referenced in function "void __cdecl ImGui_ImplGlfwGL3_NewFrame(void)" (?ImGui_ImplGlfwGL3_NewFrame@@YAXXZ)
imgui_impl_glfw_gl3.obj : error LNK2019: unresolved external symbol glfwSetKeyCallback referenced in function "bool __cdecl ImGui_ImplGlfwGL3_Init(struct GLFWwindow *,bool)" (?ImGui_ImplGlfwGL3_Init@@YA_NPEAUGLFWwindow@@_N@Z)
imgui_impl_glfw_gl3.obj : error LNK2019: unresolved external symbol glfwSetCharCallback referenced in function "bool __cdecl ImGui_ImplGlfwGL3_Init(struct GLFWwindow *,bool)" (?ImGui_ImplGlfwGL3_Init@@YA_NPEAUGLFWwindow@@_N@Z)
imgui_impl_glfw_gl3.obj : error LNK2019: unresolved external symbol glfwSetMouseButtonCallback referenced in function "bool __cdecl ImGui_ImplGlfwGL3_Init(struct GLFWwindow *,bool)" (?ImGui_ImplGlfwGL3_Init@@YA_NPEAUGLFWwindow@@_N@Z)
imgui_impl_glfw_gl3.obj : error LNK2019: unresolved external symbol glfwSetScrollCallback referenced in function "bool __cdecl ImGui_ImplGlfwGL3_Init(struct GLFWwindow *,bool)" (?ImGui_ImplGlfwGL3_Init@@YA_NPEAUGLFWwindow@@_N@Z)
Callbacks.obj : error LNK2001: unresolved external symbol glfwSetScrollCallback
imgui_impl_glfw_gl3.obj : error LNK2019: unresolved external symbol glfwSetClipboardString referenced in function "void __cdecl ImGui_ImplGlfwGL3_SetClipboardText(void *,char const *)" (?ImGui_ImplGlfwGL3_SetClipboardText@@YAXPEAXPEBD@Z)
imgui_impl_glfw_gl3.obj : error LNK2019: unresolved external symbol glfwGetClipboardString referenced in function "char const * __cdecl ImGui_ImplGlfwGL3_GetClipboardText(void *)" (?ImGui_ImplGlfwGL3_GetClipboardText@@YAPEBDPEAX@Z)
imgui_impl_glfw_gl3.obj : error LNK2019: unresolved external symbol glfwGetTime referenced in function "void __cdecl ImGui_ImplGlfwGL3_NewFrame(void)" (?ImGui_ImplGlfwGL3_NewFrame@@YAXXZ)
main.obj : error LNK2001: unresolved external symbol glfwGetTime
imgui_impl_glfw_gl3.obj : error LNK2019: unresolved external symbol glfwGetWin32Window referenced in function "bool __cdecl ImGui_ImplGlfwGL3_Init(struct GLFWwindow *,bool)" (?ImGui_ImplGlfwGL3_Init@@YA_NPEAUGLFWwindow@@_N@Z)
imgui_impl_glfw_gl3.obj : error LNK2001: unresolved external symbol __imp___glewActiveTexture
Textures.obj : error LNK2001: unresolved external symbol __imp___glewActiveTexture
imgui_impl_glfw_gl3.obj : error LNK2001: unresolved external symbol __imp___glewBlendEquation
imgui_impl_glfw_gl3.obj : error LNK2001: unresolved external symbol __imp___glewBlendFuncSeparate
imgui_impl_glfw_gl3.obj : error LNK2001: unresolved external symbol __imp___glewBindBuffer
CatmullRomSpline.obj : error LNK2001: unresolved external symbol __imp___glewBindBuffer
SkinnedMesh.obj : error LNK2001: unresolved external symbol __imp___glewBindBuffer
imgui_impl_glfw_gl3.obj : error LNK2001: unresolved external symbol __imp___glewBufferData
CatmullRomSpline.obj : error LNK2001: unresolved external symbol __imp___glewBufferData
SkinnedMesh.obj : error LNK2001: unresolved external symbol __imp___glewBufferData
imgui_impl_glfw_gl3.obj : error LNK2001: unresolved external symbol __imp___glewDeleteBuffers
SkinnedMesh.obj : error LNK2001: unresolved external symbol __imp___glewDeleteBuffers
imgui_impl_glfw_gl3.obj : error LNK2001: unresolved external symbol __imp___glewGenBuffers
CatmullRomSpline.obj : error LNK2001: unresolved external symbol __imp___glewGenBuffers
SkinnedMesh.obj : error LNK2001: unresolved external symbol __imp___glewGenBuffers
imgui_impl_glfw_gl3.obj : error LNK2001: unresolved external symbol __imp___glewAttachShader
imgui_impl_glfw_gl3.obj : error LNK2001: unresolved external symbol __imp___glewBlendEquationSeparate
imgui_impl_glfw_gl3.obj : error LNK2001: unresolved external symbol __imp___glewCompileShader
imgui_impl_glfw_gl3.obj : error LNK2001: unresolved external symbol __imp___glewCreateProgram
imgui_impl_glfw_gl3.obj : error LNK2001: unresolved external symbol __imp___glewCreateShader
imgui_impl_glfw_gl3.obj : error LNK2001: unresolved external symbol __imp___glewDeleteProgram
imgui_impl_glfw_gl3.obj : error LNK2001: unresolved external symbol __imp___glewDeleteShader
imgui_impl_glfw_gl3.obj : error LNK2001: unresolved external symbol __imp___glewDetachShader
imgui_impl_glfw_gl3.obj : error LNK2001: unresolved external symbol __imp___glewEnableVertexAttribArray
CatmullRomSpline.obj : error LNK2001: unresolved external symbol __imp___glewEnableVertexAttribArray
SkinnedMesh.obj : error LNK2001: unresolved external symbol __imp___glewEnableVertexAttribArray
imgui_impl_glfw_gl3.obj : error LNK2001: unresolved external symbol __imp___glewGetAttribLocation
imgui_impl_glfw_gl3.obj : error LNK2001: unresolved external symbol __imp___glewGetUniformLocation
CatmullRomSpline.obj : error LNK2001: unresolved external symbol __imp___glewGetUniformLocation
SkinnedMesh.obj : error LNK2001: unresolved external symbol __imp___glewGetUniformLocation
imgui_impl_glfw_gl3.obj : error LNK2001: unresolved external symbol __imp___glewLinkProgram
imgui_impl_glfw_gl3.obj : error LNK2001: unresolved external symbol __imp___glewShaderSource
imgui_impl_glfw_gl3.obj : error LNK2001: unresolved external symbol __imp___glewUniform1i
imgui_impl_glfw_gl3.obj : error LNK2001: unresolved external symbol __imp___glewUniformMatrix4fv
CatmullRomSpline.obj : error LNK2001: unresolved external symbol __imp___glewUniformMatrix4fv
SkinnedMesh.obj : error LNK2001: unresolved external symbol __imp___glewUniformMatrix4fv
imgui_impl_glfw_gl3.obj : error LNK2001: unresolved external symbol __imp___glewUseProgram
CatmullRomSpline.obj : error LNK2001: unresolved external symbol __imp___glewUseProgram
SkinnedMesh.obj : error LNK2001: unresolved external symbol __imp___glewUseProgram
imgui_impl_glfw_gl3.obj : error LNK2001: unresolved external symbol __imp___glewVertexAttribPointer
CatmullRomSpline.obj : error LNK2001: unresolved external symbol __imp___glewVertexAttribPointer
SkinnedMesh.obj : error LNK2001: unresolved external symbol __imp___glewVertexAttribPointer
imgui_impl_glfw_gl3.obj : error LNK2001: unresolved external symbol __imp___glewBindSampler
imgui_impl_glfw_gl3.obj : error LNK2001: unresolved external symbol __imp___glewBindVertexArray
CatmullRomSpline.obj : error LNK2001: unresolved external symbol __imp___glewBindVertexArray
SkinnedMesh.obj : error LNK2001: unresolved external symbol __imp___glewBindVertexArray
imgui_impl_glfw_gl3.obj : error LNK2001: unresolved external symbol __imp___glewDeleteVertexArrays
SkinnedMesh.obj : error LNK2001: unresolved external symbol __imp___glewDeleteVertexArrays
imgui_impl_glfw_gl3.obj : error LNK2001: unresolved external symbol __imp___glewGenVertexArrays
CatmullRomSpline.obj : error LNK2001: unresolved external symbol __imp___glewGenVertexArrays
SkinnedMesh.obj : error LNK2001: unresolved external symbol __imp___glewGenVertexArrays
Skeleton.obj : error LNK2001: unresolved external symbol __glewBindBuffer
main.obj : error LNK2001: unresolved external symbol __glewBindBuffer
Skeleton.obj : error LNK2001: unresolved external symbol __glewBufferData
main.obj : error LNK2001: unresolved external symbol __glewBufferData
Skeleton.obj : error LNK2001: unresolved external symbol __glewGenBuffers
main.obj : error LNK2001: unresolved external symbol __glewGenBuffers
Skeleton.obj : error LNK2001: unresolved external symbol __glewEnableVertexAttribArray
main.obj : error LNK2001: unresolved external symbol __glewEnableVertexAttribArray
Skeleton.obj : error LNK2001: unresolved external symbol __glewGetUniformLocation
Skeleton.obj : error LNK2001: unresolved external symbol __glewUniformMatrix4fv
Skeleton.obj : error LNK2001: unresolved external symbol __glewUseProgram
Skeleton.obj : error LNK2001: unresolved external symbol __glewVertexAttribPointer
main.obj : error LNK2001: unresolved external symbol __glewVertexAttribPointer
Skeleton.obj : error LNK2001: unresolved external symbol __glewBindVertexArray
main.obj : error LNK2001: unresolved external symbol __glewBindVertexArray
Skeleton.obj : error LNK2001: unresolved external symbol __glewGenVertexArrays
main.obj : error LNK2001: unresolved external symbol __glewGenVertexArrays
Callbacks.obj : error LNK2019: unresolved external symbol glfwSetWindowShouldClose referenced in function "public: void __cdecl Callbacks::processInput(struct GLFWwindow *)" (?processInput@Callbacks@@QEAAXPEAUGLFWwindow@@@Z)
Callbacks.obj : error LNK2019: unresolved external symbol glfwSetFramebufferSizeCallback referenced in function "public: __cdecl Callbacks::Callbacks(void)" (??0Callbacks@@QEAA@XZ)
Callbacks.obj : error LNK2019: unresolved external symbol glfwGetKey referenced in function "public: void __cdecl Callbacks::processInput(struct GLFWwindow *)" (?processInput@Callbacks@@QEAAXPEAUGLFWwindow@@@Z)
main.obj : error LNK2001: unresolved external symbol glfwGetKey
Callbacks.obj : error LNK2019: unresolved external symbol glfwSetCursorPosCallback referenced in function "public: __cdecl Callbacks::Callbacks(void)" (??0Callbacks@@QEAA@XZ)
Globals.obj : error LNK2019: unresolved external symbol glfwInit referenced in function "public: __cdecl Window::Window(void)" (??0Window@@QEAA@XZ)
Globals.obj : error LNK2019: unresolved external symbol glfwWindowHint referenced in function "public: __cdecl Window::Window(void)" (??0Window@@QEAA@XZ)
Globals.obj : error LNK2019: unresolved external symbol glfwCreateWindow referenced in function "public: __cdecl Window::Window(void)" (??0Window@@QEAA@XZ)
Globals.obj : error LNK2019: unresolved external symbol glfwMakeContextCurrent referenced in function "public: __cdecl Window::Window(void)" (??0Window@@QEAA@XZ)
main.obj : error LNK2019: unresolved external symbol glewInit referenced in function "public: __cdecl Shader::Shader(char const *,char const *,char const *)" (??0Shader@@QEAA@PEBD00@Z)
main.obj : error LNK2019: unresolved external symbol glfwTerminate referenced in function main
main.obj : error LNK2019: unresolved external symbol glfwWindowShouldClose referenced in function main
main.obj : error LNK2019: unresolved external symbol glfwPollEvents referenced in function main
main.obj : error LNK2019: unresolved external symbol glfwSwapBuffers referenced in function main
main.obj : error LNK2001: unresolved external symbol __glewDeleteBuffers
main.obj : error LNK2001: unresolved external symbol __glewAttachShader
main.obj : error LNK2001: unresolved external symbol __glewCompileShader
main.obj : error LNK2001: unresolved external symbol __glewCreateProgram
main.obj : error LNK2001: unresolved external symbol __glewCreateShader
main.obj : error LNK2001: unresolved external symbol __glewDeleteShader
main.obj : error LNK2001: unresolved external symbol __glewGetProgramInfoLog
main.obj : error LNK2001: unresolved external symbol __glewGetProgramiv
main.obj : error LNK2001: unresolved external symbol __glewGetShaderInfoLog
main.obj : error LNK2001: unresolved external symbol __glewGetShaderiv
main.obj : error LNK2001: unresolved external symbol __glewLinkProgram
main.obj : error LNK2001: unresolved external symbol __glewShaderSource
main.obj : error LNK2001: unresolved external symbol __glewGenerateMipmap
main.obj : error LNK2001: unresolved external symbol __glewDeleteVertexArrays
SkinnedMesh.obj : error LNK2019: unresolved external symbol "public: __cdecl Assimp::Importer::Importer(void)" (??0Importer@Assimp@@QEAA@XZ) referenced in function "public: __cdecl SkinnedMesh::SkinnedMesh(void)" (??0SkinnedMesh@@QEAA@XZ)
SkinnedMesh.obj : error LNK2019: unresolved external symbol "public: __cdecl Assimp::Importer::~Importer(void)" (??1Importer@Assimp@@QEAA@XZ) referenced in function "public: __cdecl SkinnedMesh::~SkinnedMesh(void)" (??1SkinnedMesh@@QEAA@XZ)
SkinnedMesh.obj : error LNK2019: unresolved external symbol "public: struct aiScene const * __cdecl Assimp::Importer::ReadFile(char const *,unsigned int)" (?ReadFile@Importer@Assimp@@QEAAPEBUaiScene@@PEBDI@Z) referenced in function "public: bool __cdecl SkinnedMesh::LoadMesh(class std::basic_string<char,struct std::char_traits<char>,class std::allocator<char> > const &)" (?LoadMesh@SkinnedMesh@@QEAA_NAEBV?$basic_string@DU?$char_traits@D@std@@V?$allocator@D@2@@std@@@Z)
SkinnedMesh.obj : error LNK2019: unresolved external symbol "public: char const * __cdecl Assimp::Importer::GetErrorString(void)const " (?GetErrorString@Importer@Assimp@@QEBAPEBDXZ) referenced in function "public: bool __cdecl SkinnedMesh::LoadMesh(class std::basic_string<char,struct std::char_traits<char>,class std::allocator<char> > const &)" (?LoadMesh@SkinnedMesh@@QEAA_NAEBV?$basic_string@DU?$char_traits@D@std@@V?$allocator@D@2@@std@@@Z)
SkinnedMesh.obj : error LNK2019: unresolved external symbol aiGetMaterialTextureCount referenced in function "public: unsigned int __cdecl aiMaterial::GetTextureCount(enum aiTextureType)const " (?GetTextureCount@aiMaterial@@QEBAIW4aiTextureType@@@Z)
SkinnedMesh.obj : error LNK2019: unresolved external symbol aiGetMaterialTexture referenced in function "public: enum aiReturn __cdecl aiMaterial::GetTexture(enum aiTextureType,unsigned int,struct aiString *,enum aiTextureMapping *,unsigned int *,float *,enum aiTextureOp *,enum aiTextureMapMode *)const " (?GetTexture@aiMaterial@@QEBA?AW4aiReturn@@W4aiTextureType@@IPEAUaiString@@PEAW4aiTextureMapping@@PEAIPEAMPEAW4aiTextureOp@@PEAW4aiTextureMapMode@@@Z)
SkinnedMesh.obj : error LNK2001: unresolved external symbol __imp___glewVertexAttribIPointer
SkinnedMesh.obj : error LNK2001: unresolved external symbol __imp___glewDrawElementsBaseVertex
Textures.obj : error LNK2001: unresolved external symbol __imp___glewGenerateMipmap
C:\Users\Siddharth\Desktop\New folder (2)\AnimationFramework\AnimationFramework\\Lib\glew32s.lib : warning LNK4272: library machine type 'X86' conflicts with target machine type 'x64'
C:\Users\Siddharth\Desktop\New folder (2)\AnimationFramework\AnimationFramework\\Lib\assimp-vc140-mt.lib : warning LNK4272: library machine type 'X86' conflicts with target machine type 'x64'
C:\Users\Siddharth\Desktop\New folder (2)\AnimationFramework\AnimationFramework\\Lib\glfw3.lib : warning LNK4272: library machine type 'X86' conflicts with target machine type 'x64'
C:\Users\Siddharth\Desktop\New folder (2)\AnimationFramework\AnimationFramework\\Lib\SOIL.lib : warning LNK4272: library machine type 'X86' conflicts with target machine type 'x64'
C:\Users\Siddharth\Desktop\New folder (2)\AnimationFramework\AnimationFramework\\Lib\CORE_DB_Magick++_.lib : warning LNK4272: library machine type 'X86' conflicts with target machine type 'x64'
C:\Users\Siddharth\Desktop\New folder (2)\AnimationFramework\AnimationFramework\\Lib\freeglut.lib : warning LNK4272: library machine type 'X86' conflicts with target machine type 'x64'
C:\Users\Siddharth\Desktop\New folder (2)\AnimationFramework\AnimationFramework\AnimationFramework.exe : fatal error LNK1120: 89 unresolved externals
